Rufus x86 v3.22.2009
Windows version: Windows 7 SP1 64-bit
Syslinux versions: 4.07/2013-07-25, 6.04/pre1
Grub versions: 0.4.6a, 2.06
System locale ID: 0x0409 (en-US)
Will use default UI locale 0x0409
SetLGP: Successfully set NoDriveTypeAutorun policy to 0x0000009E
Localization set to 'en-US'
Found VHD device 'Msft Virtual Disk SCSI Disk Device'
No logical drive found (unpartitioned?)
1 device found
No volume information for drive 0x81
Disk type: FIXED, Disk size: 11 MB, Sector size: 512 bytes
Cylinders: 1, Tracks per cylinder: 255, Sectors per track: 63
Partition type: MBR, NB Partitions: 0
Disk ID: 0x00000000
Drive does not have a Boot Marker

Format operation started
Requesting disk access...
No drive letter was assigned...
Will use 'D:' as volume mountpoint
Warning: Could not delete partition(s): [0x000036B7] The requested lookup key was not found in any active activation context.
Opened \\.\PhysicalDrive1 for shared write access
Requesting logical volume handle...
No logical drive found (unpartitioned?)
Analyzing existing boot records...
Drive does not have a Boot Marker
Clearing MBR/PBR/GPT structures...
Erasing 128 sectors
Initializing disk...
Partitioning (MBR)...
● Creating Main Data Partition (offset: 1048576, size: 10 MB)
Waiting for logical drive to reappear...
Formatting to FAT (using IFS)
Using cluster size: 512 bytes
Quick format was selected
Creating file system...
Format completed.
Writing Master Boot Record...
Warning: converting a non FAT16 partition to FAT16 LBA: FS type=0x01
Set bootable USB partition as 0x80
Using Windows 7 MBR
Found volume \\?\Volume{ae551c5f-8bf0-11ef-962c-08002704c1ce}\
Opened \\?\Volume{ae551c5f-8bf0-11ef-962c-08002704c1ce} for exclusive write access
Writing Partition Boot Record...
Using Standard FAT16 partition boot record
Confirmed new volume has a FAT16 boot sector
Successfully remounted \\?\Volume{ae551c5f-8bf0-11ef-962c-08002704c1ce}\ as D:
Copying DOS files...
Patching COMMAND.COM...
Successfully wrote 'D:\COMMAND.COM' (93040 bytes)
Successfully wrote 'D:\LOCALE\DISPLAY.SYS' (17175 bytes)
Successfully wrote 'D:\LOCALE\EGA.CPI' (58870 bytes)
Successfully wrote 'D:\LOCALE\EGA2.CPI' (58870 bytes)
Successfully wrote 'D:\LOCALE\EGA3.CPI' (58753 bytes)
Patching IO.SYS...
Successfully wrote 'D:\IO.SYS' (116736 bytes)
Successfully wrote 'D:\LOCALE\KEYB.COM' (21607 bytes)
Successfully wrote 'D:\LOCALE\KEYBOARD.SYS' (34566 bytes)
Successfully wrote 'D:\LOCALE\KEYBRD2.SYS' (31942 bytes)
Successfully wrote 'D:\LOCALE\KEYBRD3.SYS' (31633 bytes)
Successfully wrote 'D:\LOCALE\KEYBRD4.SYS' (13014 bytes)
Successfully wrote 'D:\LOCALE\MODE.COM' (29239 bytes)
Successfully wrote 'D:\MSDOS.SYS' (9 bytes)
Windows KBID 0x00000409
Will use DOS keyboard 'us' [US-English]
Will use codepage 437 [US-English]
Successfully wrote 'AUTOEXEC.BAT'
Finalizing, please wait...

Found VHD device 'Msft Virtual Disk SCSI Disk Device'
1 device found
Disk type: FIXED, Disk size: 11 MB, Sector size: 512 bytes
Cylinders: 1, Tracks per cylinder: 255, Sectors per track: 63
Partition type: MBR, NB Partitions: 1
Disk ID: 0x00036F36
Drive has a Windows 7 Master Boot Record
Partition 1:
  Type: FAT16 LBA (0x0e)
  Detected File System: FAT16
  Size: 10 MB (10485760 bytes)
  Start Sector: 2048, Boot: Yes
