+------------------------------------------------------------------------+
|                         MMTOOL 5.02.0024                               |
|               Copyright (c)2017 American Megatrends, Inc.              |
+------------------------------------------------------------------------+
| Firmware Image Information                                                  |
+-----------------------------------------------------------------------------+
| Image Size : 800000   PI Specification Level: 1.0                           |
+-----------------------------------------------------------------------------+
| Firmware Volume Information                                                 |
+------+-------------------------------+--------------+-----------+-----------+
|  FV  |            FV TYPE            |   Location   |   Length  |    FFSs   |
+------+-------------------------------+--------------+-----------+-----------+
|  00  |          Boot Block FV        |   00200000   |  020000   |    001    |
|  01  |          FFS FV               |   00250000   |  4B0000   |    006    |
|  02  |          Nested FV            |   00000000   |  91C000   |    193    |
|  03  |          FFS FV               |   00700000   |  100000   |    052    |
+------+-------------------------------+--------------+-----------+-----------+
| Nested Firmware Volume Information                                          |
+-----------------------------------------------------------------------------+
|  FV  |            Nesting Information               |   Length  |    FFSs   |
+-----------------------------------------------------------------------------+
|  02  |  Parent Fv : 01        Parent FFS : 00       |   91C000  |    193    |
+------+-------------------------------+--------------+-----------+-----------+
| NCB Information                                                             |
+-----------------------------------------------------------------------------+
| NCB No : 0                         Location :  00000000   Length :  200000  |
| NCB No : 1                         Location :  00220000   Length :  030000  |
+-----------------------------------------------------------------------------+
| Driver Information                                                          |
+-----------------------------------------------------------------------------+
| Firmware Volume : 00               Location :  00200000   Length :  020000  |
+---+---------------+------------------------------------+--------+------+----+
|NO |    FileName   |               GUID                 |Location| Size |Type|
+---+---------------+------------------------------------+--------+------+----+
|000|               |CEF5B9A3-476D-497F-9FDC-E98143E0422C|00200048|01FFB8|RAW |
+---+---------------+------------------------------------+--------+------+----+
| Bytes Free       : 000000 (  0 KB)    Bytes Used       : 020000 (128 KB)    |
+-----------------------------------------------------------------------------+
| Firmware Volume : 01               Location :  00250000   Length :  4B0000  |
+---+---------------+------------------------------------+--------+------+----+
|NO |    FileName   |               GUID                 |Location| Size |Type|
+---+---------------+------------------------------------+--------+------+----+
|000|               |AE717C2F-1A42-4F2B-8861-78B79CA07E07|00250048|2B1939|FV  |
|001|               |17088572-377F-44EF-8F4E-B09FFF46A070|00501988|014C18|RAW |
|002|               |8A0A450A-BEE9-42C1-9549-2BB8296AB3C3|005165A0|048B2B|FRFM|
|003|               |CD4275AA-71CD-4146-A723-1A4957F02578|0055F0D0|0861F9|FRFM|
|004|Setup          |899407D7-99FE-43D8-9A21-79EC328CAC21|005E52D0|0878EF|DRVR|
|005|S3Restore      |EFD652CC-0E99-40F0-96C0-E08C089070FC|0066CBC0|00211C|PEIM|
+---+---------------+------------------------------------+--------+------+----+
| Bytes Free       : 091320 (580 KB)    Bytes Used       : 41ECE0 (4219 KB)    |
+-----------------------------------------------------------------------------+
| Firmware Volume : 02               Location :  00000000   Length :  91C000  |
+---+---------------+------------------------------------+--------+------+----+
|NO |    FileName   |               GUID                 |Location| Size |Type|
+---+---------------+------------------------------------+--------+------+----+
|000|IntelSaGopDriver|5C266089-E103-4D43-9AB5-12D7095BE2AF|00000048|001295|DRVR|
|001|IntelGopDriver |5BBA83E6-F027-4CA7-BFD0-16358CC9E123|000012DD|00D53E|DRVR|
|002|               |17088572-377F-44EF-8F4E-B09FFF46A070|0000E81B|005018|RAW |
|003|FvOnFv2Thunk   |5007A40E-A5E0-44F7-86AE-662F9A91DA26|00013833|000ACD|DRVR|
|004|CpuDxe         |E03ABADF-E536-4E88-B3A0-B77F78EB34FE|00014300|0055E1|DRVR|
|005|Fat            |961578FE-B6B7-44C3-AF35-6BC705CD2B1F|000198E1|00B031|DRVR|
|006|               |DAC2B117-B5FB-4964-A312-0DCC77061B9B|00024912|0174F9|FRFM|
|007|               |9221315B-30BB-46B5-813E-1B1BF4712BD3|0003BE0B|000960|FRFM|
|008|CORE_DXE       |5AE3F37E-4EAE-41AE-8240-35465B5E81EB|0003C76B|18D98D|DXEC|
|009|Runtime        |CBC59C4A-383A-41EB-A8EE-4498AEA567E4|001CA0F8|012221|DRVR|
|010|ReFlash        |70E1A818-0BE1-4449-BFD4-9EF68C7F02A8|001DC319|0090C1|DRVR|
|011|PciBus         |3C1DE39F-D207-408A-AACC-731CFB7F1DD7|001E53DA|00DA79|DRVR|
|012|AmiBoardInfo   |9F3A0016-AE55-4288-829D-D22FD344C347|001F2E53|011CCF|DRVR|
|013|EBC            |13AC6DD0-73D0-11D4-B06B-00AA00BD6DE7|00204B22|0037D9|DRVR|
|014|It8728SmmFeatur|078485F1-0C1F-4B1B-AFB3-4A09C0EF87A1|002082FB|0021E9|DRVR|
|015|IT8728SioAcBack|AA893E19-A641-4819-AD23-011B7C24250D|0020A4E4|00140D|DRVR|
|016|CpuInitDxe     |62D171CB-78CD-4480-8678-C6A2A797A8DE|0020B8F1|00DC01|DRVR|
|017|               |C38FB0E2-0C43-49C9-B544-9B17AA4DCBA3|002194F2|000B69|FRFM|
|018|PowerMgmtDxe   |F7731B4C-58A2-4DF4-8980-5645D39ECE58|0021A05B|0053B5|DRVR|
|019|PowerMgmtS3    |8F0B5301-C79B-44F1-8FD3-26D73E316700|0021F410|00196D|DRVR|
|020|CpuPolicyDxe   |15B9B6DA-00A9-4DE7-B8E8-ED7AFB88F16E|00220D7D|00195D|DRVR|
|021|TxtDxe         |FF917E22-A228-448D-BDAA-68EFCCDDA5D3|002226DA|002339|DRVR|
|022|TxtOneTouchDxe |67791E00-0C05-4AE7-A921-FC4057221653|00224A13|001A11|DRVR|
|023|SmramSaveInfoHa|63296C52-01CF-4EEA-A47C-782A14DA6894|00226424|001125|DRVR|
|024|MicrocodeUpdate|F3331DE6-4A55-44E4-B767-7453F7A1A021|00227549|005381|DRVR|
|025|CpuSpSMI       |116E1ACF-2533-4CC2-820A-BBC10A2AB07C|0022C8CA|0016F5|DRVR|
|026|AmiTxtDxe      |87D402CD-8B07-4B93-B38B-F8799F28B033|0022DFBF|000BD5|DRVR|
|027|SBDXE          |B7D19491-E55A-470D-8508-85A5DFA41974|0022EB94|008EB5|DRVR|
|028|SBRun          |E23F86E1-056E-4888-B685-CFCD67C179D4|00237A49|0025FD|DRVR|
|029|               |22046D50-F390-498C-92E5-5BA4F8E7F8B6|0023A046|00020D|FRFM|
|030|SmmChildDispatc|753630C9-FAE5-47A9-BBBF-88D621CD7282|0023A253|003099|DRVR|
|031|SmmChildDispatc|E53734A3-E594-4C25-B1A2-081445650F7F|0023D2EC|005AE1|SMMD|
|032|AcpiModeEnable |750890A6-7ACF-4F4F-81BD-B400C2BEA95A|00242DCD|0026E1|SMM |
|033|SleepSmi       |6298FE18-D5EF-42B7-BB0C-2953283F5704|002454AE|0031B5|DRVR|
|034|SBSMI          |7B8DB049-C7C7-4D3B-809F-926DEE47CCA2|00248663|003A61|DRVR|
|035|PchSpiWrap     |B716A6F8-F3A1-4B8E-8582-5A303F1CDD64|0024C0C4|000EA9|DRVR|
|036|WdtAppDxe      |CE366D33-B057-4C03-8561-CAF17738B66F|0024CF6D|0010F5|DRVR|
|037|SmBusMemoryDown|F6A59595-BB9F-415B-A7F3-DC7C09387BE6|0024E062|002A91|DRVR|
|038|SataDriver     |91B4D9C1-141C-4824-8D02-3C298E36EB3F|00250AF3|033B79|DRVR|
|039|ActiveBios     |BFD59D42-FE0F-4251-B772-4B098A1AEC85|0028466C|000C09|DRVR|
|040|IoTrap         |2374EDDF-F203-4FC0-A20E-61BAD73089D6|00285275|002255|DRVR|
|041|IntelLegacyInte|C1C418F9-591D-461C-82A2-B9CD96DFEA86|002874CA|0007D5|DRVR|
|042|PchInitDxe     |DE23ACEE-CF55-4FB6-AA77-984AB53DE823|00287C9F|011389|DRVR|
|043|PchSmiDispatcher|B0D6ED53-B844-43F5-BD2F-61095264E77E|00299028|007AA9|DRVR|
|044|PchReset       |BB1FBD4F-2E30-4793-9BED-74F672BC8FFE|002A0AD1|001E85|DRVR|
|045|SataController |BB65942B-521F-4EC3-BAF9-A92540CF60D2|002A2956|002131|DRVR|
|046|PchSerialGpio  |FC1B7640-3466-4C06-B1CC-1C935394B5C2|002A4A87|0010ED|DRVR|
|047|SmartTimer     |90CB75DB-71FC-489D-AACF-943477EC7212|002A5B74|000B49|DRVR|
|048|PchSmbusDxe    |E052D8A6-224A-4C32-8D37-2E0AE162364D|002A66BD|001D99|DRVR|
|049|SmmControl     |A0BAD9F7-AB78-491B-B583-C52B7F84B9E0|002A8456|001749|DRVR|
|050|PchSpiSmm      |27F4917B-A707-4AAD-9676-26DF168CBF0D|002A9B9F|002899|DRVR|
|051|PchSpiRuntime  |C194C6EA-B68C-4981-B64B-9BD271474B20|002AC438|002A2D|DRVR|
|052|PchSmbusSmm    |59287178-59B2-49CA-BC63-532B12EA2C53|002AEE65|001B79|DRVR|
|053|WdtDxe         |5AAB83E5-F027-4CA7-BFD0-16358CC9E453|002B09DE|000DA1|DRVR|
|054|NBDXE          |E4ECD0B2-E277-4F2B-BECB-E4D75C9A812E|002B177F|009261|DRVR|
|055|NBSMI          |D933DEDE-0260-4E76-A7D9-2F9F2440E5A5|002BA9E0|002FBD|DRVR|
|056|MiscSubclassDxe|16271FCA-55D9-4A33-93FC-5A3EB128DE21|002BD99D|001405|DRVR|
|057|UpdateMemoryRec|24CCD374-3DF6-4181-86F6-E3C66920A145|002BEDA2|001CF5|DRVR|
|058|LegacyRegion2  |FE6F8ACD-55A6-4C6B-B448-64E659DE94B3|002C0A97|000CBD|DRVR|
|059|PciHostBridge  |8D6756B9-E55E-4D6A-A3A5-5E4D72DDF772|002C1754|002E8D|DRVR|
|060|SmBiosMemory   |EDA39402-F375-4496-92D3-83B43CB8A76A|002C45E1|003355|DRVR|
|061|SmmAccess      |1323C7F8-DAD5-4126-A54B-7A05FBF41515|002C7936|000D35|DRVR|
|062|               |27E569D5-0AFC-4D8F-8C90-783AC4A318AB|002C866B|0001D0|FRFM|
|063|               |AAA99A23-13B6-4C31-BB8B-299E8EC04FA4|002C883B|005B7A|FRFM|
|064|SaInitDxe      |DE23ACEE-CF55-4FB6-AA77-984AB53DE811|002CE3B5|00F5D5|DRVR|
|065|SaLateInitSmm  |2D1E361C-7B3F-4D15-8B1F-66E551FABDC7|002DD98A|007BC1|DRVR|
|066|BdatAccessHandl|6DB9486F-6AF6-4090-984D-238482CE3EA4|002E554B|000DE9|DRVR|
|067|               |878AC2CC-5343-46F2-B563-51F89DAF56BA|002E6334|001218|RAW |
|068|ITEPowerLED    |8EF2DCE6-F279-40BE-A58F-FFA9BF864A1E|002E754C|001449|DRVR|
|069|PciTestAdapter |3F79BEE2-6B14-4B5E-916B-101D8F7E15BE|002E8995|001411|DRVR|
|070|Nvme           |634E8DB5-C432-43BE-A653-9CA2922CC458|002E9DA6|004B09|DRVR|
|071|NvmeSmm        |E5E2C9D9-5BF5-497E-8860-94F81A09ADE0|002EE8AF|002B41|DRVR|
|072|NVMEINT13      |C9A6DE36-FDFF-4FAF-8343-85D9E3470F43|002F13F0|0010E5|DRVR|
|073|ACPI           |16D0A23E-C09C-407D-A14A-AD058FDD0CA1|002F24D5|009A2D|DRVR|
|074|S3Save         |26A2481E-4424-46A2-9943-CC4039EAD8F8|002FBF02|0032C9|SMMD|
|075|S3Restore      |EFD652CC-0E99-40F0-96C0-E08C089070FC|002FF1CB|00211C|PEIM|
|076|AHCI           |8F5A2E02-538C-4D59-B920-C4786ACBC552|003012E7|007875|DRVR|
|077|AINT13         |67820532-7613-4DD3-9ED7-3D9BE3A7DA63|00308B5C|001DB1|DRVR|
|078|AhciMmioSmm    |96F1AC24-2B21-45FA-A0B5-67010C95E9D8|0030A90D|001459|DRVR|
|079|AhciSmm        |BC3245BD-B982-4F55-9F79-056AD7E987C5|0030BD66|0029F1|DRVR|
|080|AtaPassThru    |2E3AB8B6-AC9D-4D70-A675-54F52FB22D66|0030E757|0022C1|DRVR|
|081|CmosManagerSmm |6869C5B3-AC8D-4973-8B37-E354DBF34ADD|00310A18|0034C1|DRVR|
|082|CryptoDxe      |20D8FFFE-15C3-4EA9-9D28-CFE2745D78F3|00313ED9|011255|DRVR|
|083|PcieSataControl|A684C332-5DDA-492E-8DDD-9F373E3DBC05|0032512E|0039D1|DRVR|
|084|HardwareSignatu|B7EE4835-84CE-4B15-BF52-2D11574CE470|00328AFF|001C39|DRVR|
|085|               |60AC3A8F-4D66-4CD4-895A-C3F06E6665EE|0032A738|0000D6|FRFM|
|086|RapidStartDxe  |B6B9295F-CABF-4CEC-BB14-FE4246F2173A|0032A80E|003B99|DRVR|
|087|RapidStartSmm  |43172851-CF7E-4345-9FE0-D7012BB17B88|0032E3A7|002585|DRVR|
|088|DxeFfsGfxDriver|6FD1DCC5-B5B9-4A82-8728-8D854428A4A3|0033092C|000B89|DRVR|
|089|RapidStartDxePo|DDB412A6-E3F3-4E9E-90A3-2A991270219C|003314B5|002831|DRVR|
|090|               |FA2DDC38-3F19-4218-B53E-D9D79D626767|00333CE6|00027A|FRFM|
|091|IsctAcpi       |4839023B-4C12-4EB2-B2B8-C91B42D878A0|00333F60|000F59|DRVR|
|092|IsctSmm        |DBD5B6BA-6734-4C5D-BF53-2C210D93A012|00334EB9|001855|DRVR|
|093|MERecoveryDxe  |F1FCD66F-8966-441E-909C-77F211AB9C3E|0033670E|00470D|DRVR|
|094|               |821D110C-D0A3-4CF7-AEF3-E28088491704|0033AE1B|080025|FRFM|
|095|OnboardControll|1601E050-BE0C-41B7-8F96-9F48F72B7E26|003BAE40|0023BD|DRVR|
|096|BDRDXE         |5E06E249-3A4C-49B5-8A37-02058CC12691|003BD1FD|003E31|DRVR|
|097|BDRSMM         |ACA87EA5-D839-4F41-BCCE-9E19E9F2C2AD|003C102E|003D15|DRVR|
|098|DualBiosDxe    |C74D1B0B-91B1-484A-A038-FE7A0847AA07|003C4D43|0052E9|DRVR|
|099|DualBiosSMM    |88B468B3-A48B-4B87-ABE2-8E56DFFDAF8D|003CA02C|00180D|DRVR|
|100|Slp10          |8E477676-55FD-48CF-9210-15A99B27D740|003CB839|000F29|DRVR|
|101|SlpSupport     |952821AA-EACD-465B-B478-5429DFC9A747|003CC762|0014D9|DRVR|
|102|IntelGigabitLan|4953F720-006D-41F5-990D-0AC7742ABB60|003CDC3B|038CB1|DRVR|
|103|CSMCORE        |A062CF1F-8473-4AA3-8793-600BC4FFE9A8|004068EC|0612C9|DRVR|
|104|               |A08276EC-A0FE-4E06-8670-385336C7D093|00467BB5|000435|FRFM|
|105|BIOSBLKIO      |25ACF158-DD61-4E64-9A49-55851E9A26C7|00467FEA|003475|DRVR|
|106|CsmVideo       |29CF55F8-B675-4F5D-8F2F-B87A3ECFD063|0046B45F|0047F5|DRVR|
|107|NvramSmi       |842A454A-75E5-408B-8B1C-36420E4E3F21|0046FC54|0020CD|SMMD|
|108|OpalSecurity   |59AF16B0-661D-4865-A381-38DE68385D8D|00471D21|0013E5|DRVR|
|109|OemActivation  |76D5CF91-0C55-434E-97C2-D2825C82E610|00473106|001C25|SMMD|
|110|AcpiPlatform   |8B5FBABD-F51F-4942-BF16-16AAA38AE52B|00474D2B|005461|DRVR|
|111|PlatformInfo   |1314216C-CB8D-421C-B854-06231386E642|0047A18C|00134D|DRVR|
|112|AcpiFvi        |D7E31ECB-0A17-4529-9B84-C529DE8E1C0E|0047B4D9|000B31|DRVR|
|113|CppcDxe        |C07A1EB5-5C04-4100-817B-0A11BB5F15DC|0047C00A|001325|DRVR|
|114|               |60E31DE1-03EC-492A-9598-65A3C50E0F6B|0047D32F|000380|FRFM|
|115|               |94AB6AED-9719-48EF-831C-2E9C29758C33|0047D6AF|0000C2|FRFM|
|116|               |95DFCAE5-BB28-4D6B-B1E2-3AF3A6BF434F|0047D771|000835|FRFM|
|117|               |7105E072-2751-4E6E-BAAC-1C76BF3F5528|0047DFA6|000376|FRFM|
|118|SMBIOSUpdateData|B98999A4-E96F-475A-99FC-762126F50F5A|0047E31C|000825|DRVR|
|119|               |9DD795EB-41E8-4591-8E63-5EF4AA33B908|0047EB41|0000B0|FRFM|
|120|FastBootOption |A58C5D1D-C22B-4845-90BC-8C94FCE96457|0047EBF1|001C61|DRVR|
|121|OFBD           |57E56594-CE95-46AD-9531-3C49310CA7CE|00480852|001491|DRVR|
|122|SecureBootMod  |A95C1D60-CB9F-4BD8-A030-3F1C4A185156|00481CE3|001A9D|DRVR|
|123|               |FBF95065-427F-47B3-8077-D13C60710998|00483780|001159|FRFM|
|124|               |9D7A05E9-F740-44C3-858B-75586A8F9C8E|004848D9|00064D|FRFM|
|125|SmmDispatcher  |4A37320B-3FB3-4365-9730-9E89C600395D|00484F26|0058ED|SMMC|
|126|               |D2596F82-F0E1-49FA-95BC-62012C795728|0048A813|0003B9|FRFM|
|127|SmmBase        |D0632C90-AFD7-4492-B186-257C63143C61|0048ABCC|003F59|DRVR|
|128|SmmCommunicate |7E2D983F-F703-4A29-9761-77B51F5354ED|0048EB25|001009|SMMD|
|129|AMITSE         |B1DA0ADF-4F77-4070-A88E-BFFE1C60529A|0048FB2E|0BB823|DRVR|
|130|               |A59A0056-3341-44B5-9C9C-6D76F7673817|0054B351|0000A8|FRFM|
|131|               |63819805-67BB-46EF-AA8D-1524A19A01E4|0054B3F9|004EBD|FRFM|
|132|               |EFCB2FDB-0662-4A59-A5D7-03033EA97CAE|005502B6|02937D|FRFM|
|133|               |6B389ACF-5B9A-445C-BFE7-35D608C4CE56|00579633|174FB9|FRFM|
|134|CoolGUIDxe     |10A0D4D6-BB54-48E1-919F-78D3074A787F|006EE5EC|032A09|DRVR|
|135|               |9BB010CB-42F9-4A1E-BF4D-58F42276A4A9|00720FF5|0004AD|FRFM|
|136|               |FBE835E8-513E-4176-8749-27C59990A669|007214A2|065449|FRFM|
|137|               |A609BD4E-6532-452F-8BC2-FB66FE17EF3F|007868EB|00BCF5|FRFM|
|138|               |C55C4A64-7AD6-4163-9B3C-E21B9669DBA3|007925E0|04B041|FRFM|
|139|               |52359378-AD07-4578-A5E9-88BCC37F2080|007DD621|018081|FRFM|
|140|SMBiosBoard    |CEF68C66-06AB-4FB3-A3ED-5FFA885B5725|007F56A2|001569|DRVR|
|141|SMBios64       |B13EDD38-684C-41ED-A305-D7B7E32497DF|007F6C0B|0061A9|DRVR|
|142|SmbiosGetFlashD|DED7956D-7E20-4F20-91A1-190439B04D5B|007FCDB4|000F8D|DRVR|
|143|               |DAF4BF89-CE71-4917-B522-C89D32FBC59F|007FDD41|0018E1|FRFM|
|144|SmbiosDMIEdit  |E2A74738-8934-48F5-8412-99E948C8DC1B|007FF622|0036E5|DRVR|
|145|SMIFlash       |BC327DBD-B982-4F55-9F79-056AD7E987C5|00802D07|0055B9|DRVR|
|146|DpcDxe         |399CF3A7-82C7-4D9B-9123-DB11842986D3|008082C0|0008B9|DRVR|
|147|ArpDxe         |8DD91798-EE87-4F0E-8A84-3F998311F930|00808B79|002F59|DRVR|
|148|SnpDxe         |3DD7A87B-D5BD-44AF-986F-2E13DB5D274C|0080BAD2|0037F9|DRVR|
|149|MnpDxe         |C30B94E3-C8F2-4AB0-91AB-FA8DF621B1C9|0080F2CB|004B59|DRVR|
|150|UefiPxeBcDxe   |0EF8A3B1-388A-4B62-8BE6-C7877D50AEDF|00813E24|00D3A5|DRVR|
|151|NetworkStackSet|0029DE6A-E024-4EB8-A91D-9F23AA1F4E92|008211C9|000C79|DRVR|
|152|TcpDxe         |B1625D3C-9D2D-4E0D-B864-8A763EE4EC50|00821E42|00BC59|DRVR|
|153|Dhcp4Dxe       |8DD9176E-EE87-4F0E-8A84-3F998311F930|0082DA9B|006F1D|DRVR|
|154|Ip4ConfigDxe   |8F9296EF-2880-4659-B857-915A8901BDC8|008349B8|0047E5|DRVR|
|155|Ip4Dxe         |8F92960F-2880-4659-B857-915A8901BDC8|0083919D|008C79|DRVR|
|156|Mtftp4Dxe      |61AFA223-8AC8-4440-9AB5-762B1BF05156|00841E16|0056BD|DRVR|
|157|Udp4Dxe        |10EE5462-B207-4A4F-ABD8-CB522ECAA3A4|008474D3|005719|DRVR|
|158|Dhcp6Dxe       |8DD9176D-EE87-4F0E-8A84-3F998311F930|0084CBEC|006B5D|DRVR|
|159|Ip6Dxe         |8F92960E-2880-4659-B857-915A8901BDC8|00853749|010599|DRVR|
|160|Mtftp6Dxe      |61AFA251-8AC8-4440-9AB5-762B1BF05156|00863CE2|0056DD|DRVR|
|161|Udp6Dxe        |10EE54AE-B207-4A4F-ABD8-CB522ECAA3A4|008693BF|005419|DRVR|
|162|UHCD           |580DD900-385D-11D7-883A-00500473D4EB|0086E7D8|00DE31|DRVR|
|163|USBRT          |04EAAAA1-29A1-11D7-8838-00500473D4EB|0087C609|0192E1|SMM |
|164|USBINT13       |4C006CD9-19BA-4617-8483-609194A1ACFC|008958EA|001C25|DRVR|
|165|               |9A8F82D5-39B1-48DA-92DC-A22DA8834DF6|0089750F|00007C|FRFM|
|166|HeciDxe        |55E76644-78A5-4A82-A900-7126A5798892|0089758B|004965|DRVR|
|167|MeFwDowngrade  |5820EEB4-C135-4854-9D2A-AA9EFC4475E9|0089BEF0|00130D|DRVR|
|168|MePlatformReset|9A9A912B-5F53-4586-8820-704485A29D21|0089D1FD|0009C1|DRVR|
|169|MdesStatusCodeD|DF5CD25A-8E55-46BA-8CDA-BC7DB7BF9C64|0089DBBE|000D95|DRVR|
|170|MeDxePolicyInit|BA67550C-3628-4137-A53E-42660E081604|0089E953|001811|DRVR|
|171|MePciPlatform  |459C70C3-9344-4484-9F93-7822530D0D11|008A0164|00058D|DRVR|
|172|IccPlatform    |14257B56-BDA2-4FAF-8E4F-C885DF75583C|008A06F1|00324D|DRVR|
|173|IccOverClocking|5BBA83E5-F027-4CA7-BFD0-16358CC9E123|008A393E|00AC05|DRVR|
|174|IccOverClocking|8E68E3C5-FC59-4280-8467-3800D31A8162|008AE543|00ABCD|DRVR|
|175|Smbios131      |2B341C7B-0B32-4A65-9D46-E1B3ABD4C25C|008B9110|000C25|DRVR|
|176|GenericComponen|199FD111-0785-4132-A9B3-1F66573F0060|008B9D35|038CBD|DRVR|
|177|SmiVariable    |BE216BA8-38C4-4535-A6CA-5DCA5B43ADDF|008F29F2|001B69|DRVR|
|178|QFlash         |132EC73B-3025-4FBF-B193-8ACB50EFBD89|008F455B|007939|DRVR|
|179|EzFileBrowser  |56B70419-7103-4D0E-83F4-F3546BD21E40|008FBE94|00406D|DRVR|
|180|SmmRuntime     |A56897A1-A77F-4600-84DB-22B0A801FA9A|008FFF01|0014B9|DRVR|
|181|RTCWakeup      |534A6A34-CF78-4A56-BEDB-CB49A8D8060C|009013BA|0015F9|DRVR|
|182|SmartFanCtrlDXE|D8AAB432-93CC-48D2-9F34-3496CAF92185|009029B3|001441|DRVR|
|183|OemLOGO        |7D1686A9-1EE3-446C-825C-5A26F449CE52|00903DF4|0010E1|DRVR|
|184|MyOemLogo1     |86EE84E1-3375-41A1-AFBA-847BD29663AA|00904ED5|001C92|FRFM|
|185|MyOemLogo2     |86EE84E2-3375-41A1-AFBA-847BD29663AA|00906B67|000234|FRFM|
|186|MouseDriver    |C7A7030C-C3D8-45EE-BED9-5D9E76762953|00906D9B|004449|DRVR|
|187|OEMDXE         |BFE205C9-5B17-4F8F-9375-89614AF8E199|0090B1E4|0010F5|DRVR|
|188|               |7BB28B99-61BB-11D5-9A5D-0090273FC14D|0090C2D9|003C45|FRFM|
|189|CspLibDxe      |CD84562C-6864-40A3-A081-C8D35E82B920|0090FF1E|000275|DRVR|
|190|CRBDXE         |16271FCA-55D9-4A33-93FC-5A3EB128DEB6|00910193|000BF1|DRVR|
|191|CRBSMI         |221F1D4F-034C-4BEA-B2BB-B7A9672B06D7|00910D84|001121|SMM |
|192|HfsPlus        |AE4C11C8-1D6C-F24E-A183-E1CA36D1A8A9|00911EA5|00943D|DRVR|
+---+---------------+------------------------------------+--------+------+----+
| Bytes Free       : 000D1E (  3 KB)    Bytes Used       : 91B2E2 (9324 KB)    |
+-----------------------------------------------------------------------------+
| Firmware Volume : 03               Location :  00700000   Length :  100000  |
+---+---------------+------------------------------------+--------+------+----+
|NO |    FileName   |               GUID                 |Location| Size |Type|
+---+---------------+------------------------------------+--------+------+----+
|000|TxtPei         |CA9D8617-D652-403B-B6C5-BA47570116AD|00700048|001B1A|PEIM|
|001|MemoryInit     |3B42EF57-16D3-44CB-8632-9FDB06B41451|00701B68|03B2D2|PEIM|
|002|               |17088572-377F-44EF-8F4E-B09FFF46A070|0073CE40|014C18|RAW |
|003|UsbBotPeim     |8401A046-6F70-4505-8471-7015B40355E3|00751A58|001969|PEIM|
|004|Recovery       |E008B434-0E73-440C-8612-A143F6A07BCB|007533C8|00335C|PEIM|
|005|CRBPEI         |0D1ED2F7-E92B-4562-92DD-5C82EC917EAE|00756728|0012DA|PEIM|
|006|WdtPei         |1D88C542-9DF7-424A-AA90-02B61F286938|00757A08|000716|PEIM|
|007|CORE_PEI       |92685943-D810-47FF-A112-CC8490776A1F|00758120|03A712|PEIC|
|008|IT8728SioAcBack|F5042177-1D29-45C5-BA4D-4D0EB2E88575|00792838|0002A3|PEIM|
|009|CpuInitPei     |01359D99-9446-456D-ADA4-50A711C03ADA|00792AE0|00332E|PEIM|
|010|CpuPolicyPei   |0AC2D35D-1C77-1033-A6F8-7CA55DF7D0AA|00795E10|000CD2|PEIM|
|011|               |2D27C618-7DCD-41F5-BB10-21166BE7E143|00796AE8|019198|RAW |
|012|CpuPeiBeforeMem|1555ACF3-BD07-4685-B668-A86945A4124D|007AFC80|001500|PEIM|
|013|CpuPei         |2BB5AFA9-FF33-417B-8497-CB773C2B93BF|007B1180|00172E|PEIM|
|014|AmiTxtPei      |C7D4BBCF-EB0A-4C91-BD8B-FCA99F28B011|007B28B0|000374|PEIM|
|015|AmiCpuS3Pei    |F7D22BCA-1BCA-5591-CC8B-1CA98F2890FE|007B2C28|000B88|PEIM|
|016|SBPEI          |C1FBD624-27EA-40D1-AA48-94C3DC5C7E0D|007B37B0|007078|PEIM|
|017|SmBusPei       |9EA28D33-0175-4788-BEA8-6950516030A5|007BA828|0011CA|PEIM|
|018|WdtAppPei      |0F69F6D7-0E4B-43A6-BFC2-6871694369B0|007BB9F8|00042C|PEIM|
|019|PchInitPeim    |FD236AE7-0791-48C4-B29E-29BDEEE1A838|007BBE28|00A240|PEIM|
|020|PchResetPeim   |FF259F16-18D1-4298-8DD2-BD87FF2894A9|007C6068|000B42|PEIM|
|021|PchSmbusArpDisa|643DF777-F312-42ED-81CC-1B1F57E18AD6|007C6BB0|000DC0|PEIM|
|022|PeiSmmControl  |FF456B9C-0DC7-4682-9E92-0DE84B6E4067|007C7970|0006C4|PEIM|
|023|PchSpiPeim     |AA652CB9-2D52-4624-9FAE-D4E58B67CA46|007C8038|0014BE|PEIM|
|024|PchUsb         |6B4FDBD2-47E1-4A09-BA8E-8E041F208B95|007C94F8|000599|PEIM|
|025|PchInitSmm     |D7B10D4E-67E6-4C74-83E9-F9AF0ACC33CC|007C9A98|0030B5|DRVR|
|026|NBPEI          |79AA6086-035A-4AD9-A89A-A6D5AA27F0E2|007CCB50|00506C|PEIM|
|027|SmmAccessPeim  |6ECFCE51-5724-450C-A38A-58553E954422|007D1BC0|000904|PEIM|
|028|SaPolicyInitPei|FD236AE7-0791-48C4-B29E-29BDEEE1A822|007D24C8|001E18|PEIM|
|029|SaInitPeim     |FD236AE7-0791-48C4-B29E-29BDEEE1A811|007D42E0|007B46|PEIM|
|030|CryptoPei      |D6D2FBA6-EF60-4C38-A83E-6769814D23B0|007DBE28|002AC2|PEIM|
|031|RapidStartPei  |53F019E9-BB0C-424B-870A-1FAF10B1CB4C|007DE8F0|007A6C|PEIM|
|032|PeiGfxDriver   |B9846521-FF99-4953-8FA2-85C9ADCCE5AF|007E6360|007E42|PEIM|
|033|IsctWakeReason |0C3B7B59-28E5-4C99-85E5-D0116DBFAAF2|007EE1A8|001006|PEIM|
|034|Capsule        |FAC2EFAD-8511-4E34-9CAE-16A257BA9488|007EF1B0|00092F|PEIM|
|035|BDRPEI         |90E9D266-C229-4474-8D18-AAF3745F3EAA|007EFAE0|000686|PEIM|
|036|               |56E14F88-234B-4C34-B204-299670447247|007F0168|00046C|FRFM|
|037|               |12FD2744-8332-4A87-B220-1EFACC7D6ED7|007F05D8|00101C|FRFM|
|038|               |5BBAD7A7-25C6-4E4F-B7F4-48FFBB612274|007F15F8|000022|FRFM|
|039|DualBiosPei    |97BB442B-F9FE-45E3-8A28-439EEDCD1813|007F1620|0004E0|PEIM|
|040|iFeatureFlagInit|E10426EB-19D4-45EE-8923-86EEFE612513|007F1B00|00060A|PEIM|
|041|PeiRamBoot     |08EFD15D-EC55-4023-B648-7BA40DF7D05D|007F2110|000F02|PEIM|
|042|               |CC0F8A3F-3DEA-4376-9679-5426BA0A907E|007F3018|0004A5|FRFM|
|043|               |9FE7DE69-0AEA-470A-B50A-139813649189|007F34C0|00092C|FRFM|
|044|               |FD44820B-F1AB-41C0-AE4E-0C55556EB9BD|007F3DF0|000828|FRFM|
|045|HeciPei        |9CF30325-DC5C-4556-A8B0-74215C5F7FC4|007F4618|000DB8|PEIM|
|046|PchMeUma       |8C376010-2400-4D7D-B47B-9D851DF3C9D1|007F53D0|000EEE|PEIM|
|047|MePeiPolicyInit|12C67BE1-AD2E-4F13-A95F-6EDC2C4392DE|007F62C0|000428|PEIM|
|048|               |0DCA793A-EA96-42D8-BD7B-DC7F684E38C1|007F66E8|0000A4|FRFM|
|049|               |3FD1D3A2-99F7-420B-BC69-8BB1D492A332|007F6790|0000A4|FRFM|
|050|               |D1E59F50-E8C3-4545-BF61-11F002233C97|007F6838|000128|RAW |
|051|               |1BA0062E-C779-4582-8566-336AE8F78F09|007FF180|000E80|SECC|
+---+---------------+------------------------------------+--------+------+----+
| Bytes Free       : 008820 ( 34 KB)    Bytes Used       : 0F77E0 (989 KB)    |
+-----------------------------------------------------------------------------+
| Total Bytes Free : 099B40 ( 614 KB)   Total Bytes Used : 7664C0 (7577 KB)   |
+-----------------------------------------------------------------------------+
