
Intel ACPI Component Architecture
ASL Optimizing Compiler version 20120711-32 [Jul 11 2012]
Copyright (c) 2000 - 2012 Intel Corporation

Compilation of "SSDT-USBW.dsl" - Sun Jan 19 13:38:45 2025

       1....DefinitionBlock ("", "SSDT", 2, "HACK", "USBW", 0x00000000)

00000000....53 53 44 54 7E 00 00 00     "SSDT~..."
00000008....02 41 48 41 43 4B 00 00     ".AHACK.."
00000010....55 53 42 57 00 00 00 00     "USBW...."
00000018....00 00 00 00 49 4E 54 4C     "....INTL"
00000020....11 07 12 20 ............    "... "

       2....{
       3....    External (\_SB_.PCI0.XHC0._PRW, MethodObj)    
       4....
       5....    Scope (\_SB)

00000024....10 49 05 5C 5F 53 42 5F     ".I.\_SB_"

       6....    {
       7....        Device (USBW)

0000002C....5B 82 40 05 55 53 42 57     "[.@.USBW"

       8....        {
       9....            Name (_HID, EisaId ("PNP0D10"))  

00000034....08 5F 48 49 44 0C 41 D0     "._HID.A."
0000003C....0D 10 ..................    ".."

      10....            Name (_UID, "WAKE")  

0000003E....08 5F 55 49 44 0D 57 41     "._UID.WA"
00000046....4B 45 00 ...............    "KE."

      11....            Method (_STA, 0, NotSerialized)  

00000049....14 19 5F 53 54 41 00 ...    ".._STA."

      12....            {
      13....                If (_OSI ("Darwin"))

00000050....A0 10 ..................    ".."
00000052....5F 4F 53 49 0D 44 61 72     "_OSI.Dar"
0000005A....77 69 6E 00 ............    "win."

      14....                {
      15....                    Return (0x0F)

0000005E....A4 0A 0F ...............    "..."

      16....                }
      17....
      18....                Return (Zero)

00000061....A4 00 ..................    ".."

      19....            }
      20....
      21....            Method (_PRW, 0, NotSerialized)  

00000063....14 1A 5F 50 52 57 00 ...    ".._PRW."

      22....            {
      23....                Return (\_SB.PCI0.XHC0._PRW ())

0000006A....A4 .....................    "."
0000006B....5C 2F 04 5F 53 42 5F 50     "\/._SB_P"
00000073....43 49 30 58 48 43 30 5F     "CI0XHC0_"
0000007B....50 52 57 ...............    "PRW"
      24....            }
      25....        }
      26....    }
      27....}
      28....


Summary of errors and warnings


ASL Optimizing Compiler version 20120711-32 [Jul 11 2012]

ASL Input:     SSDT-USBW.dsl - 29 lines, 599 bytes, 10 keywords
AML Output:    SSDT-USBW.aml - 126 bytes, 6 named objects, 4 executable opcodes
Listing File:  SSDT-USBW.lst - 2554 bytes

Compilation complete. 0 Errors, 0 Warnings, 0 Remarks, 0 Optimizations

