
Intel ACPI Component Architecture
ASL Optimizing Compiler version 20120711-32 [Jul 11 2012]
Copyright (c) 2000 - 2012 Intel Corporation

Compilation of "SSDT-EC.dsl" - Mon Nov 18 09:01:55 2024

       1....DefinitionBlock ("", "SSDT", 2, "HACK", "EC__", 0x00000000)

00000000....53 53 44 54 66 00 00 00     "SSDTf..."
00000008....02 6C 48 41 43 4B 00 00     ".lHACK.."
00000010....45 43 5F 5F 00 00 00 00     "EC__...."
00000018....00 00 00 00 49 4E 54 4C     "....INTL"
00000020....11 07 12 20 ............    "... "

       2....{
       3....    External (\_SB_.PCI0.LPCB, DeviceObj)
       4....
       5....    Scope (\_SB.PCI0.LPCB)

00000024....10 41 04 5C 2F 03 5F 53     ".A.\/._S"
0000002C....42 5F 50 43 49 30 4C 50     "B_PCI0LP"
00000034....43 42 ..................    "CB"

       6....    {
       7....        Device (EC)

00000036....5B 82 2E 45 43 5F 5F ...    "[..EC__"

       8....        {
       9....            Name (_HID, "ACID0001")  

0000003D....08 5F 48 49 44 0D 41 43     "._HID.AC"
00000045....49 44 30 30 30 31 00 ...    "ID0001."

      10....            Method (_STA, 0, NotSerialized)  

0000004C....14 19 5F 53 54 41 00 ...    ".._STA."

      11....            {
      12....                If (_OSI ("Darwin"))

00000053....A0 10 ..................    ".."
00000055....5F 4F 53 49 0D 44 61 72     "_OSI.Dar"
0000005D....77 69 6E 00 ............    "win."

      13....                {
      14....                    Return (0x0F)

00000061....A4 0A 0F ...............    "..."

      15....                }
      16....
      17....                Return (Zero)

00000064....A4 00 ..................    ".."
      18....            }
      19....        }
      20....    }
      21....}
      22....


Summary of errors and warnings


ASL Optimizing Compiler version 20120711-32 [Jul 11 2012]

ASL Input:     SSDT-EC.dsl - 23 lines, 434 bytes, 7 keywords
AML Output:    SSDT-EC.aml - 102 bytes, 4 named objects, 3 executable opcodes
Listing File:  SSDT-EC.lst - 2047 bytes

Compilation complete. 0 Errors, 0 Warnings, 0 Remarks, 0 Optimizations

